{"uuid":"7e2d1589-d586-4edb-9b33-1294661857b6","historyId":"d6a9e2f906991491ac19883f41043337","testCaseId":"f2fc54cb9ee32174405d410f7fda87a7","fullName":"src/test/resources/features/mobileApp/Login.feature:6","labels":[{"name":"tag","value":"ID001"},{"name":"host","value":"DESKTOP-I4UU2NG"},{"name":"thread","value":"18948@DESKTOP-I4UU2NG.main(1)"},{"name":"feature","value":"Mobile Login Functionality"},{"name":"story","value":"Successful login with valid credentials"},{"name":"suite","value":"Mobile Login Functionality"},{"name":"testClass","value":"Successful login with valid credentials"},{"name":"framework","value":"cucumber4jvm"},{"name":"language","value":"java"},{"name":"gherkin_uri","value":"file:///E:/Instabug%20Assesement/instabug_model_1_assesment/src/test/resources/features/mobileApp/Login.feature"},{"name":"package","value":"src.test.resources.features.mobileApp.Login_feature.Mobile Login Functionality"}],"links":[],"name":"Successful login with valid credentials","status":"broken","statusDetails":{"known":false,"muted":false,"flaky":false,"message":"class stepDefinitions.mobileAppSteps.LoginSteps does not have a public zero-argument constructor.\n\nTo use dependency injection add an other ObjectFactory implementation such as:\n * cucumber-picocontainer\n * cucumber-spring\n * cucumber-jakarta-cdi\n * ...etc\n","trace":"io.cucumber.core.exception.CucumberException: class stepDefinitions.mobileAppSteps.LoginSteps does not have a public zero-argument constructor.\n\nTo use dependency injection add an other ObjectFactory implementation such as:\n * cucumber-picocontainer\n * cucumber-spring\n * cucumber-jakarta-cdi\n * ...etc\n\r\n\tat io.cucumber.core.backend.DefaultObjectFactory.cacheNewInstance(DefaultObjectFactory.java:57)\r\n\tat io.cucumber.core.backend.DefaultObjectFactory.getInstance(DefaultObjectFactory.java:45)\r\n\tat io.cucumber.java.AbstractGlueDefinition.invokeMethod(AbstractGlueDefinition.java:47)\r\n\tat io.cucumber.java.JavaStepDefinition.execute(JavaStepDefinition.java:29)\r\n\tat io.cucumber.core.runner.CoreStepDefinition.execute(CoreStepDefinition.java:66)\r\n\tat io.cucumber.core.runner.PickleStepDefinitionMatch.runStep(PickleStepDefinitionMatch.java:63)\r\n\tat io.cucumber.core.runner.ExecutionMode$1.execute(ExecutionMode.java:10)\r\n\tat io.cucumber.core.runner.TestStep.executeStep(TestStep.java:84)\r\n\tat io.cucumber.core.runner.TestStep.run(TestStep.java:56)\r\n\tat io.cucumber.core.runner.PickleStepTestStep.run(PickleStepTestStep.java:51)\r\n\tat io.cucumber.core.runner.TestCase.run(TestCase.java:84)\r\n\tat io.cucumber.core.runner.Runner.runPickle(Runner.java:75)\r\n\tat io.cucumber.core.runtime.Runtime.lambda$executePickle$6(Runtime.java:107)\r\n\tat io.cucumber.core.runtime.CucumberExecutionContext.lambda$runTestCase$5(CucumberExecutionContext.java:137)\r\n\tat io.cucumber.core.runtime.RethrowingThrowableCollector.executeAndThrow(RethrowingThrowableCollector.java:23)\r\n\tat io.cucumber.core.runtime.CucumberExecutionContext.runTestCase(CucumberExecutionContext.java:137)\r\n\tat io.cucumber.core.runtime.Runtime.lambda$executePickle$7(Runtime.java:107)\r\n\tat java.base/java.util.concurrent.Executors$RunnableAdapter.call(Executors.java:572)\r\n\tat java.base/java.util.concurrent.FutureTask.run(FutureTask.java:317)\r\n\tat io.cucumber.core.runtime.Runtime$SameThreadExecutorService.execute(Runtime.java:235)\r\n\tat java.base/java.util.concurrent.AbstractExecutorService.submit(AbstractExecutorService.java:123)\r\n\tat io.cucumber.core.runtime.Runtime.lambda$runFeatures$3(Runtime.java:89)\r\n\tat java.base/java.util.stream.ReferencePipeline$3$1.accept(ReferencePipeline.java:212)\r\n\tat java.base/java.util.stream.SliceOps$1$1.accept(SliceOps.java:200)\r\n\tat java.base/java.util.ArrayList$ArrayListSpliterator.tryAdvance(ArrayList.java:1686)\r\n\tat java.base/java.util.stream.ReferencePipeline.forEachWithCancel(ReferencePipeline.java:144)\r\n\tat java.base/java.util.stream.AbstractPipeline.copyIntoWithCancel(AbstractPipeline.java:574)\r\n\tat java.base/java.util.stream.AbstractPipeline.copyInto(AbstractPipeline.java:560)\r\n\tat java.base/java.util.stream.AbstractPipeline.wrapAndCopyInto(AbstractPipeline.java:546)\r\n\tat java.base/java.util.stream.ReduceOps$ReduceOp.evaluateSequential(ReduceOps.java:921)\r\n\tat java.base/java.util.stream.AbstractPipeline.evaluate(AbstractPipeline.java:265)\r\n\tat java.base/java.util.stream.ReferencePipeline.collect(ReferencePipeline.java:702)\r\n\tat io.cucumber.core.runtime.Runtime.runFeatures(Runtime.java:90)\r\n\tat io.cucumber.core.runtime.Runtime.lambda$run$0(Runtime.java:78)\r\n\tat io.cucumber.core.runtime.CucumberExecutionContext.lambda$runFeatures$6(CucumberExecutionContext.java:148)\r\n\tat io.cucumber.core.runtime.CucumberExecutionContext.execute(CucumberExecutionContext.java:163)\r\n\tat io.cucumber.core.runtime.CucumberExecutionContext.runFeatures(CucumberExecutionContext.java:146)\r\n\tat io.cucumber.core.runtime.Runtime.run(Runtime.java:78)\r\n\tat io.cucumber.core.cli.Main.run(Main.java:87)\r\n\tat io.cucumber.core.cli.Main.run(Main.java:43)\r\n\tat runners.TestRunner.main(TestRunner.java:69)\r\nCaused by: java.lang.NoSuchMethodException: stepDefinitions.mobileAppSteps.LoginSteps.<init>()\r\n\tat java.base/java.lang.Class.getConstructor0(Class.java:3784)\r\n\tat java.base/java.lang.Class.getConstructor(Class.java:2452)\r\n\tat io.cucumber.core.backend.DefaultObjectFactory.cacheNewInstance(DefaultObjectFactory.java:52)\r\n\t... 40 more\r\n"},"stage":"finished","steps":[{"name":"Given user opens mobile application","status":"broken","statusDetails":{"known":false,"muted":false,"flaky":false,"message":"class stepDefinitions.mobileAppSteps.LoginSteps does not have a public zero-argument constructor.\n\nTo use dependency injection add an other ObjectFactory implementation such as:\n * cucumber-picocontainer\n * cucumber-spring\n * cucumber-jakarta-cdi\n * ...etc\n","trace":"io.cucumber.core.exception.CucumberException: class stepDefinitions.mobileAppSteps.LoginSteps does not have a public zero-argument constructor.\n\nTo use dependency injection add an other ObjectFactory implementation such as:\n * cucumber-picocontainer\n * cucumber-spring\n * cucumber-jakarta-cdi\n * ...etc\n\r\n\tat io.cucumber.core.backend.DefaultObjectFactory.cacheNewInstance(DefaultObjectFactory.java:57)\r\n\tat io.cucumber.core.backend.DefaultObjectFactory.getInstance(DefaultObjectFactory.java:45)\r\n\tat io.cucumber.java.AbstractGlueDefinition.invokeMethod(AbstractGlueDefinition.java:47)\r\n\tat io.cucumber.java.JavaStepDefinition.execute(JavaStepDefinition.java:29)\r\n\tat io.cucumber.core.runner.CoreStepDefinition.execute(CoreStepDefinition.java:66)\r\n\tat io.cucumber.core.runner.PickleStepDefinitionMatch.runStep(PickleStepDefinitionMatch.java:63)\r\n\tat io.cucumber.core.runner.ExecutionMode$1.execute(ExecutionMode.java:10)\r\n\tat io.cucumber.core.runner.TestStep.executeStep(TestStep.java:84)\r\n\tat io.cucumber.core.runner.TestStep.run(TestStep.java:56)\r\n\tat io.cucumber.core.runner.PickleStepTestStep.run(PickleStepTestStep.java:51)\r\n\tat io.cucumber.core.runner.TestCase.run(TestCase.java:84)\r\n\tat io.cucumber.core.runner.Runner.runPickle(Runner.java:75)\r\n\tat io.cucumber.core.runtime.Runtime.lambda$executePickle$6(Runtime.java:107)\r\n\tat io.cucumber.core.runtime.CucumberExecutionContext.lambda$runTestCase$5(CucumberExecutionContext.java:137)\r\n\tat io.cucumber.core.runtime.RethrowingThrowableCollector.executeAndThrow(RethrowingThrowableCollector.java:23)\r\n\tat io.cucumber.core.runtime.CucumberExecutionContext.runTestCase(CucumberExecutionContext.java:137)\r\n\tat io.cucumber.core.runtime.Runtime.lambda$executePickle$7(Runtime.java:107)\r\n\tat java.base/java.util.concurrent.Executors$RunnableAdapter.call(Executors.java:572)\r\n\tat java.base/java.util.concurrent.FutureTask.run(FutureTask.java:317)\r\n\tat io.cucumber.core.runtime.Runtime$SameThreadExecutorService.execute(Runtime.java:235)\r\n\tat java.base/java.util.concurrent.AbstractExecutorService.submit(AbstractExecutorService.java:123)\r\n\tat io.cucumber.core.runtime.Runtime.lambda$runFeatures$3(Runtime.java:89)\r\n\tat java.base/java.util.stream.ReferencePipeline$3$1.accept(ReferencePipeline.java:212)\r\n\tat java.base/java.util.stream.SliceOps$1$1.accept(SliceOps.java:200)\r\n\tat java.base/java.util.ArrayList$ArrayListSpliterator.tryAdvance(ArrayList.java:1686)\r\n\tat java.base/java.util.stream.ReferencePipeline.forEachWithCancel(ReferencePipeline.java:144)\r\n\tat java.base/java.util.stream.AbstractPipeline.copyIntoWithCancel(AbstractPipeline.java:574)\r\n\tat java.base/java.util.stream.AbstractPipeline.copyInto(AbstractPipeline.java:560)\r\n\tat java.base/java.util.stream.AbstractPipeline.wrapAndCopyInto(AbstractPipeline.java:546)\r\n\tat java.base/java.util.stream.ReduceOps$ReduceOp.evaluateSequential(ReduceOps.java:921)\r\n\tat java.base/java.util.stream.AbstractPipeline.evaluate(AbstractPipeline.java:265)\r\n\tat java.base/java.util.stream.ReferencePipeline.collect(ReferencePipeline.java:702)\r\n\tat io.cucumber.core.runtime.Runtime.runFeatures(Runtime.java:90)\r\n\tat io.cucumber.core.runtime.Runtime.lambda$run$0(Runtime.java:78)\r\n\tat io.cucumber.core.runtime.CucumberExecutionContext.lambda$runFeatures$6(CucumberExecutionContext.java:148)\r\n\tat io.cucumber.core.runtime.CucumberExecutionContext.execute(CucumberExecutionContext.java:163)\r\n\tat io.cucumber.core.runtime.CucumberExecutionContext.runFeatures(CucumberExecutionContext.java:146)\r\n\tat io.cucumber.core.runtime.Runtime.run(Runtime.java:78)\r\n\tat io.cucumber.core.cli.Main.run(Main.java:87)\r\n\tat io.cucumber.core.cli.Main.run(Main.java:43)\r\n\tat runners.TestRunner.main(TestRunner.java:69)\r\nCaused by: java.lang.NoSuchMethodException: stepDefinitions.mobileAppSteps.LoginSteps.<init>()\r\n\tat java.base/java.lang.Class.getConstructor0(Class.java:3784)\r\n\tat java.base/java.lang.Class.getConstructor(Class.java:2452)\r\n\tat io.cucumber.core.backend.DefaultObjectFactory.cacheNewInstance(DefaultObjectFactory.java:52)\r\n\t... 40 more\r\n"},"stage":"finished","steps":[],"attachments":[],"parameters":[],"start":1742825548026,"stop":1742825548058},{"name":"Then User is redirected to \"login\" page","status":"skipped","statusDetails":{"known":false,"muted":false,"flaky":false},"stage":"finished","steps":[],"attachments":[],"parameters":[],"start":1742825548063,"stop":1742825548064},{"name":"When User enters \"username\" as username","status":"skipped","statusDetails":{"known":false,"muted":false,"flaky":false},"stage":"finished","steps":[],"attachments":[],"parameters":[],"start":1742825548064,"stop":1742825548064},{"name":"And User enter \"password123\" as password","status":"skipped","statusDetails":{"known":false,"muted":false,"flaky":false},"stage":"finished","steps":[],"attachments":[],"parameters":[],"start":1742825548065,"stop":1742825548065},{"name":"And User clicks on \"login\" button","status":"skipped","statusDetails":{"known":false,"muted":false,"flaky":false},"stage":"finished","steps":[],"attachments":[],"parameters":[],"start":1742825548065,"stop":1742825548067},{"name":"Then User is redirected to \"Home\" page","status":"skipped","statusDetails":{"known":false,"muted":false,"flaky":false},"stage":"finished","steps":[],"attachments":[],"parameters":[],"start":1742825548068,"stop":1742825548068}],"attachments":[],"parameters":[],"start":1742825548022,"stop":1742825548072}